[ 2014-10-23T15:36:37+08:00 ] /Index/index | INFO: Tag[ route_check ] --START--
[ 2014-10-23T15:36:37+08:00 ] /Index/index | INFO: Run CheckRoute Behavior [ RunTime:0.001040s ]
[ 2014-10-23T15:36:37+08:00 ] /Index/index | INFO: Tag[ route_check ] --END-- [ RunTime:0.001131s ]
[ 2014-10-23T15:36:37+08:00 ] /Index/index | INFO: Tag[ app_begin ] --START--
[ 2014-10-23T15:36:37+08:00 ] /Index/index | INFO: Run ReadHtmlCache Behavior [ RunTime:0.000920s ]
[ 2014-10-23T15:36:37+08:00 ] /Index/index | INFO: Run CheckLang Behavior [ RunTime:0.001779s ]
[ 2014-10-23T15:36:37+08:00 ] /Index/index | INFO: Tag[ app_begin ] --END-- [ RunTime:0.002808s ]
[ 2014-10-23T15:36:37+08:00 ] /Index/index | SQL: SHOW COLUMNS FROM `lj_menu` [ RunTime:0.004639s ]
[ 2014-10-23T15:36:37+08:00 ] /Index/index | SQL: SELECT `id`,`name`,`url`,`child` FROM `lj_menu` WHERE status=1 ORDER BY sort asc  [ RunTime:0.000673s ]
[ 2014-10-23T15:36:37+08:00 ] /Index/index | SQL: SHOW COLUMNS FROM `lj_rbac_node` [ RunTime:0.004838s ]
[ 2014-10-23T15:36:37+08:00 ] /Index/index | SQL: SELECT `id`,`name`,`title`,`pid` FROM `lj_rbac_node` WHERE pid=1 ORDER BY sort desc  [ RunTime:0.001117s ]
[ 2014-10-23T15:36:37+08:00 ] /Index/index | SQL: SHOW COLUMNS FROM `lj_quick` [ RunTime:0.004421s ]
[ 2014-10-23T15:36:37+08:00 ] /Index/index | SQL: SELECT * FROM `lj_quick` WHERE uid=1  [ RunTime:0.000395s ]
[ 2014-10-23T15:36:37+08:00 ] /Index/index | INFO: Tag[ view_template ] --START--
[ 2014-10-23T15:36:37+08:00 ] /Index/index | INFO: Run LocationTemplate Behavior [ RunTime:0.001497s ]
[ 2014-10-23T15:36:37+08:00 ] /Index/index | INFO: Tag[ view_template ] --END-- [ RunTime:0.001568s ]
[ 2014-10-23T15:36:37+08:00 ] /Index/index | INFO: Tag[ view_parse ] --START--
[ 2014-10-23T15:36:37+08:00 ] /Index/index | INFO: Run ParseTemplate Behavior [ RunTime:0.021325s ]
[ 2014-10-23T15:36:37+08:00 ] /Index/index | INFO: Tag[ view_parse ] --END-- [ RunTime:0.021422s ]
[ 2014-10-23T15:36:37+08:00 ] /Index/index | INFO: Tag[ view_filter ] --START--
[ 2014-10-23T15:36:37+08:00 ] /Index/index | INFO: Run ContentReplace Behavior [ RunTime:0.000485s ]
[ 2014-10-23T15:36:37+08:00 ] /Index/index | INFO: Run TokenBuild Behavior [ RunTime:0.000450s ]
[ 2014-10-23T15:36:37+08:00 ] /Index/index | INFO: Run WriteHtmlCache Behavior [ RunTime:0.000279s ]
[ 2014-10-23T15:36:37+08:00 ] /Index/index | INFO: Run ShowRuntime Behavior [ RunTime:0.000538s ]
[ 2014-10-23T15:36:37+08:00 ] /Index/index | INFO: Tag[ view_filter ] --END-- [ RunTime:0.001933s ]
[ 2014-10-23T15:36:37+08:00 ] /Index/index | INFO: Tag[ view_end ] --START--
[ 2014-10-23T15:36:37+08:00 ] /Index/index | INFO: Run ShowPageTrace Behavior [ RunTime:0.000633s ]
[ 2014-10-23T15:36:37+08:00 ] /Index/index | INFO: Tag[ view_end ] --END-- [ RunTime:0.000726s ]
[ 2014-10-23T15:36:37+08:00 ] /Index/main | INFO: Tag[ route_check ] --START--
[ 2014-10-23T15:36:37+08:00 ] /Index/main | INFO: Run CheckRoute Behavior [ RunTime:0.000736s ]
[ 2014-10-23T15:36:37+08:00 ] /Index/main | INFO: Tag[ route_check ] --END-- [ RunTime:0.000824s ]
[ 2014-10-23T15:36:37+08:00 ] /Index/main | INFO: Tag[ app_begin ] --START--
[ 2014-10-23T15:36:37+08:00 ] /Index/main | INFO: Run ReadHtmlCache Behavior [ RunTime:0.000551s ]
[ 2014-10-23T15:36:37+08:00 ] /Index/main | INFO: Run CheckLang Behavior [ RunTime:0.000970s ]
[ 2014-10-23T15:36:37+08:00 ] /Index/main | INFO: Tag[ app_begin ] --END-- [ RunTime:0.001629s ]
[ 2014-10-23T15:36:37+08:00 ] /Index/main | INFO: Tag[ view_template ] --START--
[ 2014-10-23T15:36:37+08:00 ] /Index/main | INFO: Run LocationTemplate Behavior [ RunTime:0.001362s ]
[ 2014-10-23T15:36:37+08:00 ] /Index/main | INFO: Tag[ view_template ] --END-- [ RunTime:0.001448s ]
[ 2014-10-23T15:36:37+08:00 ] /Index/main | INFO: Tag[ view_parse ] --START--
[ 2014-10-23T15:36:37+08:00 ] /Index/main | INFO: Run ParseTemplate Behavior [ RunTime:0.008801s ]
[ 2014-10-23T15:36:37+08:00 ] /Index/main | INFO: Tag[ view_parse ] --END-- [ RunTime:0.008893s ]
[ 2014-10-23T15:36:37+08:00 ] /Index/main | INFO: Tag[ view_filter ] --START--
[ 2014-10-23T15:36:37+08:00 ] /Index/main | INFO: Run ContentReplace Behavior [ RunTime:0.000462s ]
[ 2014-10-23T15:36:37+08:00 ] /Index/main | INFO: Run TokenBuild Behavior [ RunTime:0.000423s ]
[ 2014-10-23T15:36:37+08:00 ] /Index/main | INFO: Run WriteHtmlCache Behavior [ RunTime:0.000288s ]
[ 2014-10-23T15:36:37+08:00 ] /Index/main | INFO: Run ShowRuntime Behavior [ RunTime:0.000501s ]
[ 2014-10-23T15:36:37+08:00 ] /Index/main | INFO: Tag[ view_filter ] --END-- [ RunTime:0.001885s ]
[ 2014-10-23T15:36:37+08:00 ] /Index/main | INFO: Tag[ view_end ] --START--
[ 2014-10-23T15:36:37+08:00 ] /Index/main | INFO: Run ShowPageTrace Behavior [ RunTime:0.000431s ]
[ 2014-10-23T15:36:37+08:00 ] /Index/main | INFO: Tag[ view_end ] --END-- [ RunTime:0.000494s ]
[ 2014-10-23T15:36:37+08:00 ] /Public/Images/loading2.gif | ERR: (ThinkException) 非法操作Images
[ 2014-10-23T15:36:38+08:00 ] /Admin/Member | INFO: Tag[ route_check ] --START--
[ 2014-10-23T15:36:38+08:00 ] /Admin/Member | INFO: Run CheckRoute Behavior [ RunTime:0.000778s ]
[ 2014-10-23T15:36:38+08:00 ] /Admin/Member | INFO: Tag[ route_check ] --END-- [ RunTime:0.000864s ]
[ 2014-10-23T15:36:38+08:00 ] /Admin/Member | INFO: Tag[ app_begin ] --START--
[ 2014-10-23T15:36:38+08:00 ] /Admin/Member | INFO: Run ReadHtmlCache Behavior [ RunTime:0.000536s ]
[ 2014-10-23T15:36:38+08:00 ] /Admin/Member | INFO: Run CheckLang Behavior [ RunTime:0.000982s ]
[ 2014-10-23T15:36:38+08:00 ] /Admin/Member | INFO: Tag[ app_begin ] --END-- [ RunTime:0.001633s ]
[ 2014-10-23T15:36:38+08:00 ] /Admin/Member | NOTIC: [8] Undefined index: type MemberAction.class.php 第 24 行.
[ 2014-10-23T15:36:38+08:00 ] /Admin/Member | NOTIC: [8] Undefined index: auth MemberAction.class.php 第 25 行.
[ 2014-10-23T15:36:38+08:00 ] /Admin/Member | NOTIC: [8] Undefined index: status MemberAction.class.php 第 26 行.
[ 2014-10-23T15:36:38+08:00 ] /Admin/Member | SQL: SHOW COLUMNS FROM `lj_member` [ RunTime:0.004877s ]
[ 2014-10-23T15:36:38+08:00 ] /Admin/Member | SQL: SELECT COUNT(id) AS tp_count FROM `lj_member` WHERE status = 1 LIMIT 1   [ RunTime:0.000367s ]
[ 2014-10-23T15:36:38+08:00 ] /Admin/Member | NOTIC: [8] Undefined variable: page MemberAction.class.php 第 49 行.
[ 2014-10-23T15:36:38+08:00 ] /Admin/Member | NOTIC: [8] Undefined variable: list MemberAction.class.php 第 50 行.
[ 2014-10-23T15:36:38+08:00 ] /Admin/Member | INFO: Tag[ view_template ] --START--
[ 2014-10-23T15:36:38+08:00 ] /Admin/Member | INFO: Run LocationTemplate Behavior [ RunTime:0.001581s ]
[ 2014-10-23T15:36:38+08:00 ] /Admin/Member | INFO: Tag[ view_template ] --END-- [ RunTime:0.001667s ]
[ 2014-10-23T15:36:38+08:00 ] /Admin/Member | INFO: Tag[ view_parse ] --START--
[ 2014-10-23T15:36:38+08:00 ] /Admin/Member | NOTIC: [8] Undefined variable: first bef4bd0f8de2f9e7c61e27f50758b6f7.php 第 54 行.
[ 2014-10-23T15:36:38+08:00 ] /Admin/Member | NOTIC: [8] Undefined variable: category bef4bd0f8de2f9e7c61e27f50758b6f7.php 第 312 行.
[ 2014-10-23T15:36:38+08:00 ] /Admin/Member | INFO: Run ParseTemplate Behavior [ RunTime:0.045468s ]
[ 2014-10-23T15:36:38+08:00 ] /Admin/Member | INFO: Tag[ view_parse ] --END-- [ RunTime:0.045544s ]
[ 2014-10-23T15:36:38+08:00 ] /Admin/Member | INFO: Tag[ view_filter ] --START--
[ 2014-10-23T15:36:38+08:00 ] /Admin/Member | INFO: Run ContentReplace Behavior [ RunTime:0.000515s ]
[ 2014-10-23T15:36:38+08:00 ] /Admin/Member | INFO: Run TokenBuild Behavior [ RunTime:0.000522s ]
[ 2014-10-23T15:36:38+08:00 ] /Admin/Member | INFO: Run WriteHtmlCache Behavior [ RunTime:0.000280s ]
[ 2014-10-23T15:36:38+08:00 ] /Admin/Member | INFO: Run ShowRuntime Behavior [ RunTime:0.000525s ]
[ 2014-10-23T15:36:38+08:00 ] /Admin/Member | INFO: Tag[ view_filter ] --END-- [ RunTime:0.002022s ]
[ 2014-10-23T15:36:38+08:00 ] /Admin/Member | INFO: Tag[ view_end ] --START--
[ 2014-10-23T15:36:38+08:00 ] /Admin/Member | INFO: Run ShowPageTrace Behavior [ RunTime:0.000405s ]
[ 2014-10-23T15:36:38+08:00 ] /Admin/Member | INFO: Tag[ view_end ] --END-- [ RunTime:0.000468s ]
[ 2014-10-23T15:36:38+08:00 ] /Public/Images/icon_search.gif | ERR: (ThinkException) 非法操作Images
[ 2014-10-23T15:36:38+08:00 ] /Public/Images/icon_add.gif | ERR: (ThinkException) 非法操作Images
[ 2014-10-23T15:36:38+08:00 ] /Public/Images/loading2.gif | ERR: (ThinkException) 非法操作Images
[ 2014-10-23T15:36:38+08:00 ] /Public/Images/th_bg.gif | ERR: (ThinkException) 非法操作Images
[ 2014-10-23T15:36:41+08:00 ] /Admin/Member | INFO: Tag[ route_check ] --START--
[ 2014-10-23T15:36:41+08:00 ] /Admin/Member | INFO: Run CheckRoute Behavior [ RunTime:0.000961s ]
[ 2014-10-23T15:36:41+08:00 ] /Admin/Member | INFO: Tag[ route_check ] --END-- [ RunTime:0.001108s ]
[ 2014-10-23T15:36:41+08:00 ] /Admin/Member | INFO: Tag[ app_begin ] --START--
[ 2014-10-23T15:36:41+08:00 ] /Admin/Member | INFO: Run ReadHtmlCache Behavior [ RunTime:0.000550s ]
[ 2014-10-23T15:36:41+08:00 ] /Admin/Member | INFO: Run CheckLang Behavior [ RunTime:0.000990s ]
[ 2014-10-23T15:36:41+08:00 ] /Admin/Member | INFO: Tag[ app_begin ] --END-- [ RunTime:0.001658s ]
[ 2014-10-23T15:36:41+08:00 ] /Admin/Member | NOTIC: [8] Undefined index: type MemberAction.class.php 第 24 行.
[ 2014-10-23T15:36:41+08:00 ] /Admin/Member | NOTIC: [8] Undefined index: auth MemberAction.class.php 第 25 行.
[ 2014-10-23T15:36:41+08:00 ] /Admin/Member | NOTIC: [8] Undefined index: status MemberAction.class.php 第 26 行.
[ 2014-10-23T15:36:41+08:00 ] /Admin/Member | SQL: SHOW COLUMNS FROM `lj_member` [ RunTime:0.005692s ]
[ 2014-10-23T15:36:41+08:00 ] /Admin/Member | SQL: SELECT COUNT(id) AS tp_count FROM `lj_member` WHERE status = 1 LIMIT 1   [ RunTime:0.000967s ]
[ 2014-10-23T15:36:41+08:00 ] /Admin/Member | NOTIC: [8] Undefined variable: page MemberAction.class.php 第 49 行.
[ 2014-10-23T15:36:41+08:00 ] /Admin/Member | NOTIC: [8] Undefined variable: list MemberAction.class.php 第 50 行.
[ 2014-10-23T15:36:41+08:00 ] /Admin/Member | INFO: Tag[ view_template ] --START--
[ 2014-10-23T15:36:41+08:00 ] /Admin/Member | INFO: Run LocationTemplate Behavior [ RunTime:0.001460s ]
[ 2014-10-23T15:36:41+08:00 ] /Admin/Member | INFO: Tag[ view_template ] --END-- [ RunTime:0.001537s ]
[ 2014-10-23T15:36:41+08:00 ] /Admin/Member | INFO: Tag[ view_parse ] --START--
[ 2014-10-23T15:36:41+08:00 ] /Admin/Member | NOTIC: [8] Undefined variable: first bef4bd0f8de2f9e7c61e27f50758b6f7.php 第 54 行.
[ 2014-10-23T15:36:41+08:00 ] /Admin/Member | NOTIC: [8] Undefined variable: category bef4bd0f8de2f9e7c61e27f50758b6f7.php 第 312 行.
[ 2014-10-23T15:36:41+08:00 ] /Admin/Member | INFO: Run ParseTemplate Behavior [ RunTime:0.019666s ]
[ 2014-10-23T15:36:41+08:00 ] /Admin/Member | INFO: Tag[ view_parse ] --END-- [ RunTime:0.019739s ]
[ 2014-10-23T15:36:41+08:00 ] /Admin/Member | INFO: Tag[ view_filter ] --START--
[ 2014-10-23T15:36:41+08:00 ] /Admin/Member | INFO: Run ContentReplace Behavior [ RunTime:0.000506s ]
[ 2014-10-23T15:36:41+08:00 ] /Admin/Member | INFO: Run TokenBuild Behavior [ RunTime:0.000480s ]
[ 2014-10-23T15:36:41+08:00 ] /Admin/Member | INFO: Run WriteHtmlCache Behavior [ RunTime:0.000259s ]
[ 2014-10-23T15:36:41+08:00 ] /Admin/Member | INFO: Run ShowRuntime Behavior [ RunTime:0.000788s ]
[ 2014-10-23T15:36:41+08:00 ] /Admin/Member | INFO: Tag[ view_filter ] --END-- [ RunTime:0.002315s ]
[ 2014-10-23T15:36:41+08:00 ] /Admin/Member | INFO: Tag[ view_end ] --START--
[ 2014-10-23T15:36:41+08:00 ] /Admin/Member | INFO: Run ShowPageTrace Behavior [ RunTime:0.000491s ]
[ 2014-10-23T15:36:41+08:00 ] /Admin/Member | INFO: Tag[ view_end ] --END-- [ RunTime:0.000562s ]
[ 2014-10-23T15:36:41+08:00 ] /Public/Images/icon_search.gif | ERR: (ThinkException) 非法操作Images
[ 2014-10-23T15:36:41+08:00 ] /Public/Images/icon_add.gif | ERR: (ThinkException) 非法操作Images
[ 2014-10-23T15:36:41+08:00 ] /Public/Images/loading2.gif | ERR: (ThinkException) 非法操作Images
[ 2014-10-23T15:36:41+08:00 ] /Public/Images/th_bg.gif | ERR: (ThinkException) 非法操作Images
[ 2014-10-23T15:36:43+08:00 ] /Admin/Member | INFO: Tag[ route_check ] --START--
[ 2014-10-23T15:36:43+08:00 ] /Admin/Member | INFO: Run CheckRoute Behavior [ RunTime:0.000693s ]
[ 2014-10-23T15:36:43+08:00 ] /Admin/Member | INFO: Tag[ route_check ] --END-- [ RunTime:0.000815s ]
[ 2014-10-23T15:36:43+08:00 ] /Admin/Member | INFO: Tag[ app_begin ] --START--
[ 2014-10-23T15:36:43+08:00 ] /Admin/Member | INFO: Run ReadHtmlCache Behavior [ RunTime:0.000542s ]
[ 2014-10-23T15:36:43+08:00 ] /Admin/Member | INFO: Run CheckLang Behavior [ RunTime:0.001743s ]
[ 2014-10-23T15:36:43+08:00 ] /Admin/Member | INFO: Tag[ app_begin ] --END-- [ RunTime:0.002538s ]
[ 2014-10-23T15:36:43+08:00 ] /Admin/Member | NOTIC: [8] Undefined index: type MemberAction.class.php 第 24 行.
[ 2014-10-23T15:36:43+08:00 ] /Admin/Member | NOTIC: [8] Undefined index: auth MemberAction.class.php 第 25 行.
[ 2014-10-23T15:36:43+08:00 ] /Admin/Member | NOTIC: [8] Undefined index: status MemberAction.class.php 第 26 行.
[ 2014-10-23T15:36:43+08:00 ] /Admin/Member | SQL: SHOW COLUMNS FROM `lj_member` [ RunTime:0.006197s ]
[ 2014-10-23T15:36:43+08:00 ] /Admin/Member | SQL: SELECT COUNT(id) AS tp_count FROM `lj_member` WHERE status = 1 LIMIT 1   [ RunTime:0.000353s ]
[ 2014-10-23T15:36:43+08:00 ] /Admin/Member | NOTIC: [8] Undefined variable: page MemberAction.class.php 第 49 行.
[ 2014-10-23T15:36:43+08:00 ] /Admin/Member | NOTIC: [8] Undefined variable: list MemberAction.class.php 第 50 行.
[ 2014-10-23T15:36:43+08:00 ] /Admin/Member | INFO: Tag[ view_template ] --START--
[ 2014-10-23T15:36:43+08:00 ] /Admin/Member | INFO: Run LocationTemplate Behavior [ RunTime:0.001471s ]
[ 2014-10-23T15:36:43+08:00 ] /Admin/Member | INFO: Tag[ view_template ] --END-- [ RunTime:0.001543s ]
[ 2014-10-23T15:36:43+08:00 ] /Admin/Member | INFO: Tag[ view_parse ] --START--
[ 2014-10-23T15:36:43+08:00 ] /Admin/Member | NOTIC: [8] Undefined variable: first bef4bd0f8de2f9e7c61e27f50758b6f7.php 第 54 行.
[ 2014-10-23T15:36:43+08:00 ] /Admin/Member | NOTIC: [8] Undefined variable: category bef4bd0f8de2f9e7c61e27f50758b6f7.php 第 312 行.
[ 2014-10-23T15:36:43+08:00 ] /Admin/Member | INFO: Run ParseTemplate Behavior [ RunTime:0.022884s ]
[ 2014-10-23T15:36:43+08:00 ] /Admin/Member | INFO: Tag[ view_parse ] --END-- [ RunTime:0.022982s ]
[ 2014-10-23T15:36:43+08:00 ] /Admin/Member | INFO: Tag[ view_filter ] --START--
[ 2014-10-23T15:36:43+08:00 ] /Admin/Member | INFO: Run ContentReplace Behavior [ RunTime:0.001069s ]
[ 2014-10-23T15:36:43+08:00 ] /Admin/Member | INFO: Run TokenBuild Behavior [ RunTime:0.002273s ]
[ 2014-10-23T15:36:43+08:00 ] /Admin/Member | INFO: Run WriteHtmlCache Behavior [ RunTime:0.000491s ]
[ 2014-10-23T15:36:43+08:00 ] /Admin/Member | INFO: Run ShowRuntime Behavior [ RunTime:0.000927s ]
[ 2014-10-23T15:36:43+08:00 ] /Admin/Member | INFO: Tag[ view_filter ] --END-- [ RunTime:0.005131s ]
[ 2014-10-23T15:36:43+08:00 ] /Admin/Member | INFO: Tag[ view_end ] --START--
[ 2014-10-23T15:36:43+08:00 ] /Admin/Member | INFO: Run ShowPageTrace Behavior [ RunTime:0.000876s ]
[ 2014-10-23T15:36:43+08:00 ] /Admin/Member | INFO: Tag[ view_end ] --END-- [ RunTime:0.001009s ]
[ 2014-10-23T15:36:43+08:00 ] /Public/Images/icon_search.gif | ERR: (ThinkException) 非法操作Images
[ 2014-10-23T15:36:44+08:00 ] /Public/Images/loading2.gif | ERR: (ThinkException) 非法操作Images
[ 2014-10-23T15:36:44+08:00 ] /Public/Images/icon_add.gif | ERR: (ThinkException) 非法操作Images
[ 2014-10-23T15:36:44+08:00 ] /Public/Images/th_bg.gif | ERR: (ThinkException) 非法操作Images
[ 2014-10-23T16:04:56+08:00 ] /Admin/Member | INFO: Tag[ route_check ] --START--
[ 2014-10-23T16:04:56+08:00 ] /Admin/Member | INFO: Run CheckRoute Behavior [ RunTime:0.001832s ]
[ 2014-10-23T16:04:56+08:00 ] /Admin/Member | INFO: Tag[ route_check ] --END-- [ RunTime:0.001961s ]
[ 2014-10-23T16:04:56+08:00 ] /Admin/Member | INFO: Tag[ app_begin ] --START--
[ 2014-10-23T16:04:56+08:00 ] /Admin/Member | INFO: Run ReadHtmlCache Behavior [ RunTime:0.001517s ]
[ 2014-10-23T16:04:56+08:00 ] /Admin/Member | INFO: Run CheckLang Behavior [ RunTime:0.002321s ]
[ 2014-10-23T16:04:56+08:00 ] /Admin/Member | INFO: Tag[ app_begin ] --END-- [ RunTime:0.003979s ]
[ 2014-10-23T16:04:56+08:00 ] /Admin/Member | NOTIC: [8] Undefined index: member_type MemberAction.class.php 第 13 行.
[ 2014-10-23T16:04:56+08:00 ] /Admin/Member | NOTIC: [8] Undefined index: keywords MemberAction.class.php 第 18 行.
[ 2014-10-23T16:04:56+08:00 ] /Admin/Member | SQL: SHOW COLUMNS FROM `lj_member` [ RunTime:0.007062s ]
[ 2014-10-23T16:04:56+08:00 ] /Admin/Member | SQL: SELECT COUNT(id) AS tp_count FROM `lj_member` LIMIT 1   [ RunTime:0.000351s ]
[ 2014-10-23T16:04:56+08:00 ] /Admin/Member | NOTIC: [8] Undefined variable: page MemberAction.class.php 第 48 行.
[ 2014-10-23T16:04:56+08:00 ] /Admin/Member | NOTIC: [8] Undefined variable: list MemberAction.class.php 第 49 行.
[ 2014-10-23T16:04:56+08:00 ] /Admin/Member | INFO: Tag[ view_template ] --START--
[ 2014-10-23T16:04:56+08:00 ] /Admin/Member | INFO: Run LocationTemplate Behavior [ RunTime:0.002314s ]
[ 2014-10-23T16:04:56+08:00 ] /Admin/Member | INFO: Tag[ view_template ] --END-- [ RunTime:0.002393s ]
[ 2014-10-23T16:04:56+08:00 ] /Admin/Member | INFO: Tag[ view_parse ] --START--
[ 2014-10-23T16:04:56+08:00 ] /Admin/Member | NOTIC: [8] Undefined variable: first bef4bd0f8de2f9e7c61e27f50758b6f7.php 第 54 行.
[ 2014-10-23T16:04:56+08:00 ] /Admin/Member | NOTIC: [8] Undefined variable: category bef4bd0f8de2f9e7c61e27f50758b6f7.php 第 296 行.
[ 2014-10-23T16:04:56+08:00 ] /Admin/Member | INFO: Run ParseTemplate Behavior [ RunTime:0.042551s ]
[ 2014-10-23T16:04:56+08:00 ] /Admin/Member | INFO: Tag[ view_parse ] --END-- [ RunTime:0.042629s ]
[ 2014-10-23T16:04:56+08:00 ] /Admin/Member | INFO: Tag[ view_filter ] --START--
[ 2014-10-23T16:04:56+08:00 ] /Admin/Member | INFO: Run ContentReplace Behavior [ RunTime:0.001863s ]
[ 2014-10-23T16:04:56+08:00 ] /Admin/Member | INFO: Run TokenBuild Behavior [ RunTime:0.001341s ]
[ 2014-10-23T16:04:56+08:00 ] /Admin/Member | INFO: Run WriteHtmlCache Behavior [ RunTime:0.001041s ]
[ 2014-10-23T16:04:56+08:00 ] /Admin/Member | INFO: Run ShowRuntime Behavior [ RunTime:0.001224s ]
[ 2014-10-23T16:04:56+08:00 ] /Admin/Member | INFO: Tag[ view_filter ] --END-- [ RunTime:0.005710s ]
[ 2014-10-23T16:04:56+08:00 ] /Admin/Member | INFO: Tag[ view_end ] --START--
[ 2014-10-23T16:04:56+08:00 ] /Admin/Member | INFO: Run ShowPageTrace Behavior [ RunTime:0.001144s ]
[ 2014-10-23T16:04:56+08:00 ] /Admin/Member | INFO: Tag[ view_end ] --END-- [ RunTime:0.001210s ]
[ 2014-10-23T16:04:56+08:00 ] /Public/Images/icon_search.gif | ERR: (ThinkException) 非法操作Images
[ 2014-10-23T16:04:56+08:00 ] /Public/Images/th_bg.gif | ERR: (ThinkException) 非法操作Images
[ 2014-10-23T16:04:56+08:00 ] /Public/Images/icon_add.gif | ERR: (ThinkException) 非法操作Images
[ 2014-10-23T16:04:56+08:00 ] /Public/Images/loading2.gif | ERR: (ThinkException) 非法操作Images
[ 2014-10-23T16:04:57+08:00 ] /Admin/Member | INFO: Tag[ route_check ] --START--
[ 2014-10-23T16:04:57+08:00 ] /Admin/Member | INFO: Run CheckRoute Behavior [ RunTime:0.001716s ]
[ 2014-10-23T16:04:57+08:00 ] /Admin/Member | INFO: Tag[ route_check ] --END-- [ RunTime:0.001806s ]
[ 2014-10-23T16:04:57+08:00 ] /Admin/Member | INFO: Tag[ app_begin ] --START--
[ 2014-10-23T16:04:57+08:00 ] /Admin/Member | INFO: Run ReadHtmlCache Behavior [ RunTime:0.003592s ]
[ 2014-10-23T16:04:57+08:00 ] /Admin/Member | INFO: Run CheckLang Behavior [ RunTime:0.003272s ]
[ 2014-10-23T16:04:57+08:00 ] /Admin/Member | INFO: Tag[ app_begin ] --END-- [ RunTime:0.007160s ]
[ 2014-10-23T16:04:57+08:00 ] /Admin/Member | NOTIC: [8] Undefined index: member_type MemberAction.class.php 第 13 行.
[ 2014-10-23T16:04:57+08:00 ] /Admin/Member | NOTIC: [8] Undefined index: keywords MemberAction.class.php 第 18 行.
[ 2014-10-23T16:04:57+08:00 ] /Admin/Member | SQL: SHOW COLUMNS FROM `lj_member` [ RunTime:0.007967s ]
[ 2014-10-23T16:04:57+08:00 ] /Admin/Member | SQL: SELECT COUNT(id) AS tp_count FROM `lj_member` LIMIT 1   [ RunTime:0.000865s ]
[ 2014-10-23T16:04:57+08:00 ] /Admin/Member | NOTIC: [8] Undefined variable: page MemberAction.class.php 第 48 行.
[ 2014-10-23T16:04:57+08:00 ] /Admin/Member | NOTIC: [8] Undefined variable: list MemberAction.class.php 第 49 行.
[ 2014-10-23T16:04:57+08:00 ] /Admin/Member | INFO: Tag[ view_template ] --START--
[ 2014-10-23T16:04:57+08:00 ] /Admin/Member | INFO: Run LocationTemplate Behavior [ RunTime:0.004727s ]
[ 2014-10-23T16:04:57+08:00 ] /Admin/Member | INFO: Tag[ view_template ] --END-- [ RunTime:0.004846s ]
[ 2014-10-23T16:04:57+08:00 ] /Admin/Member | INFO: Tag[ view_parse ] --START--
[ 2014-10-23T16:04:57+08:00 ] /Admin/Member | NOTIC: [8] Undefined variable: first bef4bd0f8de2f9e7c61e27f50758b6f7.php 第 54 行.
[ 2014-10-23T16:04:57+08:00 ] /Admin/Member | NOTIC: [8] Undefined variable: category bef4bd0f8de2f9e7c61e27f50758b6f7.php 第 296 行.
[ 2014-10-23T16:04:57+08:00 ] /Admin/Member | INFO: Run ParseTemplate Behavior [ RunTime:0.024930s ]
[ 2014-10-23T16:04:57+08:00 ] /Admin/Member | INFO: Tag[ view_parse ] --END-- [ RunTime:0.025019s ]
[ 2014-10-23T16:04:57+08:00 ] /Admin/Member | INFO: Tag[ view_filter ] --START--
[ 2014-10-23T16:04:57+08:00 ] /Admin/Member | INFO: Run ContentReplace Behavior [ RunTime:0.001682s ]
[ 2014-10-23T16:04:57+08:00 ] /Admin/Member | INFO: Run TokenBuild Behavior [ RunTime:0.002040s ]
[ 2014-10-23T16:04:57+08:00 ] /Admin/Member | INFO: Run WriteHtmlCache Behavior [ RunTime:0.002616s ]
[ 2014-10-23T16:04:57+08:00 ] /Admin/Member | INFO: Run ShowRuntime Behavior [ RunTime:0.001710s ]
[ 2014-10-23T16:04:57+08:00 ] /Admin/Member | INFO: Tag[ view_filter ] --END-- [ RunTime:0.008389s ]
[ 2014-10-23T16:04:57+08:00 ] /Admin/Member | INFO: Tag[ view_end ] --START--
[ 2014-10-23T16:04:57+08:00 ] /Admin/Member | INFO: Run ShowPageTrace Behavior [ RunTime:0.002098s ]
[ 2014-10-23T16:04:57+08:00 ] /Admin/Member | INFO: Tag[ view_end ] --END-- [ RunTime:0.002241s ]
[ 2014-10-23T16:04:57+08:00 ] /Public/Images/icon_search.gif | ERR: (ThinkException) 非法操作Images
[ 2014-10-23T16:04:57+08:00 ] /Public/Images/th_bg.gif | ERR: (ThinkException) 非法操作Images
[ 2014-10-23T16:04:57+08:00 ] /Public/Images/loading2.gif | ERR: (ThinkException) 非法操作Images
[ 2014-10-23T16:04:57+08:00 ] /Public/Images/icon_add.gif | ERR: (ThinkException) 非法操作Images
[ 2014-10-23T17:00:57+08:00 ] /Admin/Financial | ERR: (ThinkException) 无法加载模块Financial
[ 2014-10-23T17:01:01+08:00 ] /Admin/Goods | ERR: (ThinkException) 无法加载模块Goods
[ 2014-10-23T17:01:02+08:00 ] /Admin/Order | ERR: (ThinkException) 无法加载模块Order
[ 2014-10-23T17:01:04+08:00 ] /Admin/Member | INFO: Tag[ route_check ] --START--
[ 2014-10-23T17:01:04+08:00 ] /Admin/Member | INFO: Run CheckRoute Behavior [ RunTime:0.001705s ]
[ 2014-10-23T17:01:04+08:00 ] /Admin/Member | INFO: Tag[ route_check ] --END-- [ RunTime:0.001825s ]
[ 2014-10-23T17:01:04+08:00 ] /Admin/Member | INFO: Tag[ app_begin ] --START--
[ 2014-10-23T17:01:04+08:00 ] /Admin/Member | INFO: Run ReadHtmlCache Behavior [ RunTime:0.001541s ]
[ 2014-10-23T17:01:04+08:00 ] /Admin/Member | INFO: Run CheckLang Behavior [ RunTime:0.003622s ]
[ 2014-10-23T17:01:04+08:00 ] /Admin/Member | INFO: Tag[ app_begin ] --END-- [ RunTime:0.005335s ]
[ 2014-10-23T17:01:04+08:00 ] /Admin/Member | NOTIC: [8] Undefined index: member_type MemberAction.class.php 第 13 行.
[ 2014-10-23T17:01:04+08:00 ] /Admin/Member | NOTIC: [8] Undefined index: keywords MemberAction.class.php 第 18 行.
[ 2014-10-23T17:01:04+08:00 ] /Admin/Member | SQL: SHOW COLUMNS FROM `lj_member` [ RunTime:0.005487s ]
[ 2014-10-23T17:01:04+08:00 ] /Admin/Member | SQL: SELECT COUNT(id) AS tp_count FROM `lj_member` LIMIT 1   [ RunTime:0.000946s ]
[ 2014-10-23T17:01:04+08:00 ] /Admin/Member | NOTIC: [8] Undefined variable: page MemberAction.class.php 第 48 行.
[ 2014-10-23T17:01:04+08:00 ] /Admin/Member | NOTIC: [8] Undefined variable: list MemberAction.class.php 第 49 行.
[ 2014-10-23T17:01:04+08:00 ] /Admin/Member | INFO: Tag[ view_template ] --START--
[ 2014-10-23T17:01:04+08:00 ] /Admin/Member | INFO: Run LocationTemplate Behavior [ RunTime:0.002196s ]
[ 2014-10-23T17:01:04+08:00 ] /Admin/Member | INFO: Tag[ view_template ] --END-- [ RunTime:0.002309s ]
[ 2014-10-23T17:01:04+08:00 ] /Admin/Member | INFO: Tag[ view_parse ] --START--
[ 2014-10-23T17:01:04+08:00 ] /Admin/Member | NOTIC: [8] Undefined variable: first bef4bd0f8de2f9e7c61e27f50758b6f7.php 第 54 行.
[ 2014-10-23T17:01:04+08:00 ] /Admin/Member | NOTIC: [8] Undefined variable: category bef4bd0f8de2f9e7c61e27f50758b6f7.php 第 296 行.
[ 2014-10-23T17:01:04+08:00 ] /Admin/Member | INFO: Run ParseTemplate Behavior [ RunTime:0.026416s ]
[ 2014-10-23T17:01:04+08:00 ] /Admin/Member | INFO: Tag[ view_parse ] --END-- [ RunTime:0.026494s ]
[ 2014-10-23T17:01:04+08:00 ] /Admin/Member | INFO: Tag[ view_filter ] --START--
[ 2014-10-23T17:01:04+08:00 ] /Admin/Member | INFO: Run ContentReplace Behavior [ RunTime:0.001333s ]
[ 2014-10-23T17:01:04+08:00 ] /Admin/Member | INFO: Run TokenBuild Behavior [ RunTime:0.001285s ]
[ 2014-10-23T17:01:04+08:00 ] /Admin/Member | INFO: Run WriteHtmlCache Behavior [ RunTime:0.000890s ]
[ 2014-10-23T17:01:04+08:00 ] /Admin/Member | INFO: Run ShowRuntime Behavior [ RunTime:0.001019s ]
[ 2014-10-23T17:01:04+08:00 ] /Admin/Member | INFO: Tag[ view_filter ] --END-- [ RunTime:0.004737s ]
[ 2014-10-23T17:01:04+08:00 ] /Admin/Member | INFO: Tag[ view_end ] --START--
[ 2014-10-23T17:01:04+08:00 ] /Admin/Member | INFO: Run ShowPageTrace Behavior [ RunTime:0.001230s ]
[ 2014-10-23T17:01:04+08:00 ] /Admin/Member | INFO: Tag[ view_end ] --END-- [ RunTime:0.001365s ]
[ 2014-10-23T17:01:04+08:00 ] /Public/Images/icon_search.gif | ERR: (ThinkException) 非法操作Images
[ 2014-10-23T17:01:04+08:00 ] /Public/Images/icon_add.gif | ERR: (ThinkException) 非法操作Images
[ 2014-10-23T17:01:04+08:00 ] /Public/Images/loading2.gif | ERR: (ThinkException) 非法操作Images
[ 2014-10-23T17:01:04+08:00 ] /Public/Images/th_bg.gif | ERR: (ThinkException) 非法操作Images
[ 2014-10-23T17:01:04+08:00 ] /Admin/Order | ERR: (ThinkException) 无法加载模块Order
[ 2014-10-23T17:01:05+08:00 ] /Admin/Goods | ERR: (ThinkException) 无法加载模块Goods
[ 2014-10-23T17:01:05+08:00 ] /Admin/Order | ERR: (ThinkException) 无法加载模块Order
[ 2014-10-23T17:01:32+08:00 ] /Admin/Goods | ERR: (ThinkException) 无法加载模块Goods
